<?xml version="1.0" encoding="UTF-8"?>
<testng-results skipped="0" failed="0" ignored="0" total="1" passed="1">
  <reporter-output>
  </reporter-output>
  <suite name="Default suite" duration-ms="253" started-at="2021-11-11T12:10:09 IST" finished-at="2021-11-11T12:10:10 IST">
    <groups>
    </groups>
    <test name="Default test" duration-ms="253" started-at="2021-11-11T12:10:09 IST" finished-at="2021-11-11T12:10:10 IST">
      <class name="Maventest1.Maven1Test">
        <test-method status="PASS" signature="MavennTest()[pri:0, instance:Maventest1.Maven1Test@e720b71]" name="MavennTest" duration-ms="51" started-at="2021-11-11T12:10:10 IST" finished-at="2021-11-11T12:10:10 IST">
          <reporter-output>
          </reporter-output>
        </test-method> <!-- MavennTest -->
      </class> <!-- Maventest1.Maven1Test -->
    </test> <!-- Default test -->
  </suite> <!-- Default suite -->
</testng-results>
